[debug] [2022-07-13T00:25:51.650Z] ----------------------------------------------------------------------
[debug] [2022-07-13T00:25:51.652Z] Command:       C:\Program Files\nodejs\node.exe C:\Users\justi\AppData\Roaming\npm\node_modules\firebase-tools\lib\bin\firebase.js init
[debug] [2022-07-13T00:25:51.652Z] CLI Version:   11.2.2
[debug] [2022-07-13T00:25:51.652Z] Platform:      win32
[debug] [2022-07-13T00:25:51.652Z] Node Version:  v16.14.2
[debug] [2022-07-13T00:25:51.653Z] Time:          Wed Jul 13 2022 02:25:51 GMT+0200 (heure d’été d’Europe centrale)
[debug] [2022-07-13T00:25:51.653Z] ----------------------------------------------------------------------
[debug] 
[debug] [2022-07-13T00:25:51.701Z] > command requires scopes: ["email","openid","https://www.googleapis.com/auth/cloudplatformprojects.readonly","https://www.googleapis.com/auth/firebase","https://www.googleapis.com/auth/cloud-platform"]
[debug] [2022-07-13T00:25:51.701Z] > authorizing via signed-in user (justinburnel@gmail.com)
[info] 
     ######## #### ########  ######## ########     ###     ######  ########
     ##        ##  ##     ## ##       ##     ##  ##   ##  ##       ##
     ######    ##  ########  ######   ########  #########  ######  ######
     ##        ##  ##    ##  ##       ##     ## ##     ##       ## ##
     ##       #### ##     ## ######## ########  ##     ##  ######  ########

You're about to initialize a Firebase project in this directory:

  C:\Users\justi\OneDrive\Bureau\ProjetPerso\tierlistangular

Before we get started, keep in mind:

  * You are initializing within an existing Firebase project directory

